[2023-06-23 11:33:02.210] [jointLog] [info] setting maxHashResizeThreads to 24
[2023-06-23 11:33:02.210] [jointLog] [info] Fragment incompatibility prior below threshold.  Incompatible fragments will be ignored.
[2023-06-23 11:33:02.210] [jointLog] [info] Usage of --validateMappings implies use of minScoreFraction. Since not explicitly specified, it is being set to 0.65
[2023-06-23 11:33:02.210] [jointLog] [info] Setting consensusSlack to selective-alignment default of 0.35.
[2023-06-23 11:33:02.210] [jointLog] [info] parsing read library format
[2023-06-23 11:33:02.210] [jointLog] [info] There is 1 library.
[2023-06-23 11:33:02.212] [jointLog] [info] Loading pufferfish index
[2023-06-23 11:33:02.213] [jointLog] [info] Loading dense pufferfish index.
[2023-06-23 11:33:04.586] [jointLog] [info] done
[2023-06-23 11:33:04.706] [jointLog] [info] Index contained 177,503 targets
[2023-06-23 11:33:08.067] [jointLog] [info] Number of decoys : 47
[2023-06-23 11:33:08.067] [jointLog] [info] First decoy index : 177,412 
[2023-06-23 11:33:20.879] [jointLog] [info] Automatically detected most likely library type as IU

[2023-06-23 12:47:16.053] [jointLog] [info] Computed 596,563 rich equivalence classes for further processing
[2023-06-23 12:47:16.053] [jointLog] [info] Counted 32,244,818 total reads in the equivalence classes 
[2023-06-23 12:47:16.081] [jointLog] [info] Number of mappings discarded because of alignment score : 52,880,467
[2023-06-23 12:47:16.081] [jointLog] [info] Number of fragments entirely discarded because of alignment score : 3,956,957
[2023-06-23 12:47:16.081] [jointLog] [info] Number of fragments discarded because they are best-mapped to decoys : 491,847
[2023-06-23 12:47:16.081] [jointLog] [info] Number of fragments discarded because they have only dovetail (discordant) mappings to valid targets : 5,395,840
[2023-06-23 12:47:16.081] [jointLog] [info] Mapping rate = 84.1267%

[2023-06-23 12:47:16.081] [jointLog] [info] finished quantifyLibrary()
[2023-06-23 12:47:16.086] [jointLog] [info] Starting optimizer
[2023-06-23 12:47:16.054] [fileLog] [info] 
At end of round 0
==================
Observed 38328897 total fragments (38328897 in most recent round)

[2023-06-23 12:47:16.406] [jointLog] [info] Marked 0 weighted equivalence classes as degenerate
[2023-06-23 12:47:16.525] [jointLog] [info] iteration = 0 | max rel diff. = 6365.27
[2023-06-23 12:47:17.665] [jointLog] [info] iteration 11, adjusting effective lengths to account for biases
[2023-06-23 12:59:10.208] [jointLog] [info] Computed expected counts (for bias correction)
[2023-06-23 12:59:10.208] [jointLog] [info] processed bias for 0.0% of the transcripts
[2023-06-23 13:00:06.579] [jointLog] [info] processed bias for 10.0% of the transcripts
[2023-06-23 13:01:03.758] [jointLog] [info] processed bias for 20.0% of the transcripts
[2023-06-23 13:02:00.055] [jointLog] [info] processed bias for 30.0% of the transcripts
[2023-06-23 13:02:56.670] [jointLog] [info] processed bias for 40.0% of the transcripts
[2023-06-23 13:03:49.984] [jointLog] [info] processed bias for 50.0% of the transcripts
[2023-06-23 13:04:43.810] [jointLog] [info] processed bias for 60.0% of the transcripts
[2023-06-23 13:05:38.260] [jointLog] [info] processed bias for 70.0% of the transcripts
[2023-06-23 13:06:33.503] [jointLog] [info] processed bias for 80.0% of the transcripts
[2023-06-23 13:07:23.409] [jointLog] [info] processed bias for 90.0% of the transcripts
[2023-06-23 13:07:32.828] [jointLog] [info] processed bias for 100.0% of the transcripts
[2023-06-23 13:07:43.065] [jointLog] [info] iteration = 100 | max rel diff. = 17.7661
[2023-06-23 13:07:54.250] [jointLog] [info] iteration = 200 | max rel diff. = 20.159
[2023-06-23 13:08:05.575] [jointLog] [info] iteration = 300 | max rel diff. = 2.20611
[2023-06-23 13:08:16.991] [jointLog] [info] iteration = 400 | max rel diff. = 2.15568
[2023-06-23 13:08:28.447] [jointLog] [info] iteration = 500 | max rel diff. = 1.92998
[2023-06-23 13:08:39.931] [jointLog] [info] iteration = 600 | max rel diff. = 0.117814
[2023-06-23 13:08:51.350] [jointLog] [info] iteration = 700 | max rel diff. = 0.472799
[2023-06-23 13:09:02.680] [jointLog] [info] iteration = 800 | max rel diff. = 0.0984703
[2023-06-23 13:09:13.962] [jointLog] [info] iteration = 900 | max rel diff. = 0.0770231
[2023-06-23 13:09:25.225] [jointLog] [info] iteration = 1,000 | max rel diff. = 0.135108
[2023-06-23 13:09:36.548] [jointLog] [info] iteration = 1,100 | max rel diff. = 0.0844172
[2023-06-23 13:09:47.879] [jointLog] [info] iteration = 1,200 | max rel diff. = 0.0986897
[2023-06-23 13:09:59.218] [jointLog] [info] iteration = 1,300 | max rel diff. = 0.261787
[2023-06-23 13:10:10.548] [jointLog] [info] iteration = 1,400 | max rel diff. = 0.0252125
[2023-06-23 13:10:21.812] [jointLog] [info] iteration = 1,500 | max rel diff. = 0.0829883
[2023-06-23 13:10:33.062] [jointLog] [info] iteration = 1,600 | max rel diff. = 0.171382
[2023-06-23 13:10:44.212] [jointLog] [info] iteration = 1,700 | max rel diff. = 0.0159123
[2023-06-23 13:10:55.365] [jointLog] [info] iteration = 1,800 | max rel diff. = 0.0192025
[2023-06-23 13:11:01.189] [jointLog] [info] iteration = 1,853 | max rel diff. = 0.00904844
[2023-06-23 13:11:01.234] [jointLog] [info] Finished optimizer
[2023-06-23 13:11:01.234] [jointLog] [info] writing output 

info] iteration = 1,953 | max rel diff. = 0.00391512
[2023-06-23 12:57:47.074] [jointLog] [info] Finished optimizer
[2023-06-23 12:57:47.074] [jointLog] [info] writing output 

