[2023-06-23 12:50:46.349] [jointLog] [info] setting maxHashResizeThreads to 8
[2023-06-23 12:50:46.349] [jointLog] [info] Fragment incompatibility prior below threshold.  Incompatible fragments will be ignored.
[2023-06-23 12:50:46.349] [jointLog] [info] Usage of --validateMappings implies use of minScoreFraction. Since not explicitly specified, it is being set to 0.65
[2023-06-23 12:50:46.349] [jointLog] [info] Setting consensusSlack to selective-alignment default of 0.35.
[2023-06-23 12:50:46.349] [jointLog] [info] parsing read library format
[2023-06-23 12:50:46.349] [jointLog] [info] There is 1 library.
[2023-06-23 12:50:46.351] [jointLog] [info] Loading pufferfish index
[2023-06-23 12:50:46.375] [jointLog] [info] Loading dense pufferfish index.
[2023-06-23 12:51:10.815] [jointLog] [info] done
[2023-06-23 12:51:10.844] [jointLog] [info] Index contained 177,503 targets
[2023-06-23 12:51:12.185] [jointLog] [info] Number of decoys : 47
[2023-06-23 12:51:12.185] [jointLog] [info] First decoy index : 177,412 
[2023-06-23 12:51:12.834] [jointLog] [info] Automatically detected most likely library type as IU

[2023-06-23 12:55:27.235] [fileLog] [info] 
At end of round 0
==================
Observed 28823757 total fragments (28823757 in most recent round)

[2023-06-23 12:55:27.234] [jointLog] [info] Computed 553,487 rich equivalence classes for further processing
[2023-06-23 12:55:27.234] [jointLog] [info] Counted 23,478,618 total reads in the equivalence classes 
[2023-06-23 12:55:27.244] [jointLog] [info] Number of mappings discarded because of alignment score : 49,003,858
[2023-06-23 12:55:27.244] [jointLog] [info] Number of fragments entirely discarded because of alignment score : 3,742,396
[2023-06-23 12:55:27.244] [jointLog] [info] Number of fragments discarded because they are best-mapped to decoys : 357,998
[2023-06-23 12:55:27.244] [jointLog] [info] Number of fragments discarded because they have only dovetail (discordant) mappings to valid targets : 6,011,899
[2023-06-23 12:55:27.244] [jointLog] [info] Mapping rate = 81.4558%

[2023-06-23 12:55:27.244] [jointLog] [info] finished quantifyLibrary()
[2023-06-23 12:55:27.384] [jointLog] [info] Starting optimizer
[2023-06-23 12:55:27.515] [jointLog] [info] Marked 0 weighted equivalence classes as degenerate
[2023-06-23 12:55:27.535] [jointLog] [info] iteration = 0 | max rel diff. = 7003.38
[2023-06-23 12:55:27.731] [jointLog] [info] iteration 11, adjusting effective lengths to account for biases
[2023-06-23 12:56:03.710] [jointLog] [info] Computed expected counts (for bias correction)
[2023-06-23 12:56:03.710] [jointLog] [info] processed bias for 0.0% of the transcripts
[2023-06-23 12:56:06.987] [jointLog] [info] processed bias for 10.0% of the transcripts
[2023-06-23 12:56:10.388] [jointLog] [info] processed bias for 20.0% of the transcripts
[2023-06-23 12:56:13.686] [jointLog] [info] processed bias for 30.0% of the transcripts
[2023-06-23 12:56:17.081] [jointLog] [info] processed bias for 40.0% of the transcripts
[2023-06-23 12:56:20.481] [jointLog] [info] processed bias for 50.0% of the transcripts
[2023-06-23 12:56:23.674] [jointLog] [info] processed bias for 60.0% of the transcripts
[2023-06-23 12:56:27.093] [jointLog] [info] processed bias for 70.0% of the transcripts
[2023-06-23 12:56:29.134] [jointLog] [info] processed bias for 80.0% of the transcripts
[2023-06-23 12:56:31.373] [jointLog] [info] processed bias for 90.0% of the transcripts
[2023-06-23 12:56:34.237] [jointLog] [info] processed bias for 100.0% of the transcripts
[2023-06-23 12:56:35.631] [jointLog] [info] iteration = 100 | max rel diff. = 13.7467
[2023-06-23 12:56:37.173] [jointLog] [info] iteration = 200 | max rel diff. = 13.8002
[2023-06-23 12:56:38.680] [jointLog] [info] iteration = 300 | max rel diff. = 20.9268
[2023-06-23 12:56:40.088] [jointLog] [info] iteration = 400 | max rel diff. = 0.745874
[2023-06-23 12:56:41.465] [jointLog] [info] iteration = 500 | max rel diff. = 0.0911028
[2023-06-23 12:56:42.840] [jointLog] [info] iteration = 600 | max rel diff. = 0.108658
[2023-06-23 12:56:44.218] [jointLog] [info] iteration = 700 | max rel diff. = 1.66445
[2023-06-23 12:56:45.594] [jointLog] [info] iteration = 800 | max rel diff. = 0.273876
[2023-06-23 12:56:46.970] [jointLog] [info] iteration = 900 | max rel diff. = 0.0590394
[2023-06-23 12:56:48.349] [jointLog] [info] iteration = 1,000 | max rel diff. = 0.203254
[2023-06-23 12:56:49.731] [jointLog] [info] iteration = 1,100 | max rel diff. = 0.795887
[2023-06-23 12:56:51.101] [jointLog] [info] iteration = 1,200 | max rel diff. = 0.397272
[2023-06-23 12:56:52.471] [jointLog] [info] iteration = 1,300 | max rel diff. = 0.173707
[2023-06-23 12:56:53.841] [jointLog] [info] iteration = 1,400 | max rel diff. = 0.0394654
[2023-06-23 12:56:55.212] [jointLog] [info] iteration = 1,500 | max rel diff. = 0.0413908
[2023-06-23 12:56:56.583] [jointLog] [info] iteration = 1,600 | max rel diff. = 0.160266
[2023-06-23 12:56:57.953] [jointLog] [info] iteration = 1,700 | max rel diff. = 1.03043
[2023-06-23 12:56:59.323] [jointLog] [info] iteration = 1,800 | max rel diff. = 0.0655686
[2023-06-23 12:56:59.556] [jointLog] [info] iteration = 1,818 | max rel diff. = 0.00929298
[2023-06-23 12:56:59.565] [jointLog] [info] Finished optimizer
[2023-06-23 12:56:59.565] [jointLog] [info] writing output 

