[2023-06-23 12:50:45.542] [jointLog] [info] setting maxHashResizeThreads to 8
[2023-06-23 12:50:45.542] [jointLog] [info] Fragment incompatibility prior below threshold.  Incompatible fragments will be ignored.
[2023-06-23 12:50:45.542] [jointLog] [info] Usage of --validateMappings implies use of minScoreFraction. Since not explicitly specified, it is being set to 0.65
[2023-06-23 12:50:45.542] [jointLog] [info] Setting consensusSlack to selective-alignment default of 0.35.
[2023-06-23 12:50:45.542] [jointLog] [info] parsing read library format
[2023-06-23 12:50:45.542] [jointLog] [info] There is 1 library.
[2023-06-23 12:50:45.551] [jointLog] [info] Loading pufferfish index
[2023-06-23 12:50:45.551] [jointLog] [info] Loading dense pufferfish index.
[2023-06-23 12:50:46.874] [jointLog] [info] done
[2023-06-23 12:50:46.906] [jointLog] [info] Index contained 177,503 targets
[2023-06-23 12:50:48.313] [jointLog] [info] Number of decoys : 47
[2023-06-23 12:50:48.313] [jointLog] [info] First decoy index : 177,412 
[2023-06-23 12:50:48.988] [jointLog] [info] Automatically detected most likely library type as IU

[2023-06-23 12:56:44.169] [fileLog] [info] 
At end of round 0
==================
Observed 40771064 total fragments (40771064 in most recent round)

[2023-06-23 12:56:44.168] [jointLog] [info] Computed 618,302 rich equivalence classes for further processing
[2023-06-23 12:56:44.168] [jointLog] [info] Counted 33,548,645 total reads in the equivalence classes 
[2023-06-23 12:56:44.177] [jointLog] [info] Number of mappings discarded because of alignment score : 62,079,287
[2023-06-23 12:56:44.177] [jointLog] [info] Number of fragments entirely discarded because of alignment score : 4,826,040
[2023-06-23 12:56:44.177] [jointLog] [info] Number of fragments discarded because they are best-mapped to decoys : 555,068
[2023-06-23 12:56:44.177] [jointLog] [info] Number of fragments discarded because they have only dovetail (discordant) mappings to valid targets : 6,511,263
[2023-06-23 12:56:44.177] [jointLog] [info] Mapping rate = 82.2854%

[2023-06-23 12:56:44.177] [jointLog] [info] finished quantifyLibrary()
[2023-06-23 12:56:44.179] [jointLog] [info] Starting optimizer
[2023-06-23 12:56:51.406] [jointLog] [info] Marked 0 weighted equivalence classes as degenerate
[2023-06-23 12:56:51.425] [jointLog] [info] iteration = 0 | max rel diff. = 6095.87
[2023-06-23 12:56:51.609] [jointLog] [info] iteration 11, adjusting effective lengths to account for biases
[2023-06-23 12:57:24.297] [jointLog] [info] Computed expected counts (for bias correction)
[2023-06-23 12:57:24.297] [jointLog] [info] processed bias for 0.0% of the transcripts
[2023-06-23 12:57:27.483] [jointLog] [info] processed bias for 10.0% of the transcripts
[2023-06-23 12:57:30.709] [jointLog] [info] processed bias for 20.0% of the transcripts
[2023-06-23 12:57:33.807] [jointLog] [info] processed bias for 30.0% of the transcripts
[2023-06-23 12:57:36.854] [jointLog] [info] processed bias for 40.0% of the transcripts
[2023-06-23 12:57:40.079] [jointLog] [info] processed bias for 50.0% of the transcripts
[2023-06-23 12:57:43.221] [jointLog] [info] processed bias for 60.0% of the transcripts
[2023-06-23 12:57:46.395] [jointLog] [info] processed bias for 70.0% of the transcripts
[2023-06-23 12:57:49.420] [jointLog] [info] processed bias for 80.0% of the transcripts
[2023-06-23 12:57:50.875] [jointLog] [info] processed bias for 90.0% of the transcripts
[2023-06-23 12:57:52.885] [jointLog] [info] processed bias for 100.0% of the transcripts
[2023-06-23 12:57:54.532] [jointLog] [info] iteration = 100 | max rel diff. = 11.5508
[2023-06-23 12:57:56.359] [jointLog] [info] iteration = 200 | max rel diff. = 7.22899
[2023-06-23 12:57:58.187] [jointLog] [info] iteration = 300 | max rel diff. = 3.5265
[2023-06-23 12:58:00.014] [jointLog] [info] iteration = 400 | max rel diff. = 0.759707
[2023-06-23 12:58:01.843] [jointLog] [info] iteration = 500 | max rel diff. = 1.31376
[2023-06-23 12:58:03.668] [jointLog] [info] iteration = 600 | max rel diff. = 13.1791
[2023-06-23 12:58:05.492] [jointLog] [info] iteration = 700 | max rel diff. = 0.140788
[2023-06-23 12:58:07.317] [jointLog] [info] iteration = 800 | max rel diff. = 0.327433
[2023-06-23 12:58:09.141] [jointLog] [info] iteration = 900 | max rel diff. = 0.290193
[2023-06-23 12:58:10.963] [jointLog] [info] iteration = 1,000 | max rel diff. = 0.52625
[2023-06-23 12:58:12.786] [jointLog] [info] iteration = 1,100 | max rel diff. = 0.0523956
[2023-06-23 12:58:14.609] [jointLog] [info] iteration = 1,200 | max rel diff. = 0.169906
[2023-06-23 12:58:16.443] [jointLog] [info] iteration = 1,300 | max rel diff. = 1.14288
[2023-06-23 12:58:17.856] [jointLog] [info] iteration = 1,378 | max rel diff. = 0.00774891
[2023-06-23 12:58:17.865] [jointLog] [info] Finished optimizer
[2023-06-23 12:58:17.865] [jointLog] [info] writing output 

