[2023-06-23 12:50:46.487] [jointLog] [info] setting maxHashResizeThreads to 8
[2023-06-23 12:50:46.487] [jointLog] [info] Fragment incompatibility prior below threshold.  Incompatible fragments will be ignored.
[2023-06-23 12:50:46.487] [jointLog] [info] Usage of --validateMappings implies use of minScoreFraction. Since not explicitly specified, it is being set to 0.65
[2023-06-23 12:50:46.487] [jointLog] [info] Setting consensusSlack to selective-alignment default of 0.35.
[2023-06-23 12:50:46.487] [jointLog] [info] parsing read library format
[2023-06-23 12:50:46.487] [jointLog] [info] There is 1 library.
[2023-06-23 12:50:46.489] [jointLog] [info] Loading pufferfish index
[2023-06-23 12:50:46.490] [jointLog] [info] Loading dense pufferfish index.
[2023-06-23 12:51:10.835] [jointLog] [info] done
[2023-06-23 12:51:10.951] [jointLog] [info] Index contained 177,503 targets
[2023-06-23 12:51:13.725] [jointLog] [info] Number of decoys : 47
[2023-06-23 12:51:13.725] [jointLog] [info] First decoy index : 177,412 
[2023-06-23 12:51:14.525] [jointLog] [info] Automatically detected most likely library type as IU

[2023-06-23 12:58:51.904] [jointLog] [info] Computed 592,651 rich equivalence classes for further processing
[2023-06-23 12:58:51.904] [jointLog] [info] Counted 31,629,039 total reads in the equivalence classes 
[2023-06-23 12:58:51.912] [jointLog] [info] Number of mappings discarded because of alignment score : 51,828,266
[2023-06-23 12:58:51.912] [jointLog] [info] Number of fragments entirely discarded because of alignment score : 3,819,910
[2023-06-23 12:58:51.912] [jointLog] [info] Number of fragments discarded because they are best-mapped to decoys : 468,316
[2023-06-23 12:58:51.912] [jointLog] [info] Number of fragments discarded because they have only dovetail (discordant) mappings to valid targets : 5,475,019
[2023-06-23 12:58:51.912] [jointLog] [info] Mapping rate = 84.272%

[2023-06-23 12:58:51.912] [jointLog] [info] finished quantifyLibrary()
[2023-06-23 12:58:51.915] [jointLog] [info] Starting optimizer
[2023-06-23 12:58:52.095] [jointLog] [info] Marked 0 weighted equivalence classes as degenerate
[2023-06-23 12:58:52.121] [jointLog] [info] iteration = 0 | max rel diff. = 6495.66
[2023-06-23 12:58:51.904] [fileLog] [info] 
At end of round 0
==================
Observed 37532103 total fragments (37532103 in most recent round)

[2023-06-23 12:58:52.337] [jointLog] [info] iteration 11, adjusting effective lengths to account for biases
[2023-06-23 13:00:10.377] [jointLog] [info] Computed expected counts (for bias correction)
[2023-06-23 13:00:10.377] [jointLog] [info] processed bias for 0.0% of the transcripts
[2023-06-23 13:00:16.525] [jointLog] [info] processed bias for 10.0% of the transcripts
[2023-06-23 13:00:22.697] [jointLog] [info] processed bias for 20.0% of the transcripts
[2023-06-23 13:00:28.081] [jointLog] [info] processed bias for 30.0% of the transcripts
[2023-06-23 13:00:31.949] [jointLog] [info] processed bias for 40.0% of the transcripts
[2023-06-23 13:00:35.322] [jointLog] [info] processed bias for 50.0% of the transcripts
[2023-06-23 13:00:41.351] [jointLog] [info] processed bias for 60.0% of the transcripts
[2023-06-23 13:00:47.358] [jointLog] [info] processed bias for 70.0% of the transcripts
[2023-06-23 13:00:52.989] [jointLog] [info] processed bias for 80.0% of the transcripts
[2023-06-23 13:00:59.094] [jointLog] [info] processed bias for 90.0% of the transcripts
[2023-06-23 13:01:06.436] [jointLog] [info] processed bias for 100.0% of the transcripts
[2023-06-23 13:01:08.290] [jointLog] [info] iteration = 100 | max rel diff. = 18.6808
[2023-06-23 13:01:10.255] [jointLog] [info] iteration = 200 | max rel diff. = 0.881163
[2023-06-23 13:01:12.221] [jointLog] [info] iteration = 300 | max rel diff. = 1.00767
[2023-06-23 13:01:14.188] [jointLog] [info] iteration = 400 | max rel diff. = 0.26286
[2023-06-23 13:01:16.152] [jointLog] [info] iteration = 500 | max rel diff. = 0.601345
[2023-06-23 13:01:18.117] [jointLog] [info] iteration = 600 | max rel diff. = 0.128488
[2023-06-23 13:01:20.084] [jointLog] [info] iteration = 700 | max rel diff. = 0.129665
[2023-06-23 13:01:22.048] [jointLog] [info] iteration = 800 | max rel diff. = 0.145166
[2023-06-23 13:01:24.013] [jointLog] [info] iteration = 900 | max rel diff. = 0.0673847
[2023-06-23 13:01:25.978] [jointLog] [info] iteration = 1,000 | max rel diff. = 0.0734555
[2023-06-23 13:01:27.942] [jointLog] [info] iteration = 1,100 | max rel diff. = 0.0203812
[2023-06-23 13:01:29.905] [jointLog] [info] iteration = 1,200 | max rel diff. = 0.148845
[2023-06-23 13:01:31.870] [jointLog] [info] iteration = 1,300 | max rel diff. = 1.1346
[2023-06-23 13:01:33.835] [jointLog] [info] iteration = 1,400 | max rel diff. = 0.0181526
[2023-06-23 13:01:35.799] [jointLog] [info] iteration = 1,500 | max rel diff. = 0.0292353
[2023-06-23 13:01:37.763] [jointLog] [info] iteration = 1,600 | max rel diff. = 0.0226257
[2023-06-23 13:01:39.727] [jointLog] [info] iteration = 1,700 | max rel diff. = 0.0474113
[2023-06-23 13:01:41.690] [jointLog] [info] iteration = 1,800 | max rel diff. = 0.137934
[2023-06-23 13:01:43.654] [jointLog] [info] iteration = 1,900 | max rel diff. = 0.0178864
[2023-06-23 13:01:44.775] [jointLog] [info] iteration = 1,958 | max rel diff. = 0.00630925
[2023-06-23 13:01:44.811] [jointLog] [info] Finished optimizer
[2023-06-23 13:01:44.811] [jointLog] [info] writing output 

