[2023-06-23 12:50:45.453] [jointLog] [info] setting maxHashResizeThreads to 8
[2023-06-23 12:50:45.453] [jointLog] [info] Fragment incompatibility prior below threshold.  Incompatible fragments will be ignored.
[2023-06-23 12:50:45.453] [jointLog] [info] Usage of --validateMappings implies use of minScoreFraction. Since not explicitly specified, it is being set to 0.65
[2023-06-23 12:50:45.453] [jointLog] [info] Setting consensusSlack to selective-alignment default of 0.35.
[2023-06-23 12:50:45.453] [jointLog] [info] parsing read library format
[2023-06-23 12:50:45.453] [jointLog] [info] There is 1 library.
[2023-06-23 12:50:45.455] [jointLog] [info] Loading pufferfish index
[2023-06-23 12:50:45.456] [jointLog] [info] Loading dense pufferfish index.
[2023-06-23 12:50:47.890] [jointLog] [info] done
[2023-06-23 12:50:48.001] [jointLog] [info] Index contained 177,503 targets
[2023-06-23 12:50:50.876] [jointLog] [info] Number of decoys : 47
[2023-06-23 12:50:50.876] [jointLog] [info] First decoy index : 177,412 
[2023-06-23 12:50:52.062] [jointLog] [info] Automatically detected most likely library type as IU

[2023-06-23 12:59:45.183] [fileLog] [info] 
At end of round 0
==================
Observed 30712705 total fragments (30712705 in most recent round)

[2023-06-23 12:59:45.182] [jointLog] [info] Computed 550,097 rich equivalence classes for further processing
[2023-06-23 12:59:45.182] [jointLog] [info] Counted 25,890,808 total reads in the equivalence classes 
[2023-06-23 12:59:45.199] [jointLog] [info] Number of mappings discarded because of alignment score : 40,631,784
[2023-06-23 12:59:45.199] [jointLog] [info] Number of fragments entirely discarded because of alignment score : 2,925,664
[2023-06-23 12:59:45.199] [jointLog] [info] Number of fragments discarded because they are best-mapped to decoys : 407,257
[2023-06-23 12:59:45.199] [jointLog] [info] Number of fragments discarded because they have only dovetail (discordant) mappings to valid targets : 4,183,423
[2023-06-23 12:59:45.199] [jointLog] [info] Mapping rate = 84.3%

[2023-06-23 12:59:45.199] [jointLog] [info] finished quantifyLibrary()
[2023-06-23 12:59:45.203] [jointLog] [info] Starting optimizer
[2023-06-23 12:59:45.421] [jointLog] [info] Marked 0 weighted equivalence classes as degenerate
[2023-06-23 12:59:45.487] [jointLog] [info] iteration = 0 | max rel diff. = 6911.85
[2023-06-23 12:59:46.037] [jointLog] [info] iteration 11, adjusting effective lengths to account for biases
[2023-06-23 13:01:39.505] [jointLog] [info] Computed expected counts (for bias correction)
[2023-06-23 13:01:39.505] [jointLog] [info] processed bias for 0.1% of the transcripts
[2023-06-23 13:01:49.498] [jointLog] [info] processed bias for 10.0% of the transcripts
[2023-06-23 13:01:59.652] [jointLog] [info] processed bias for 20.0% of the transcripts
[2023-06-23 13:02:09.455] [jointLog] [info] processed bias for 30.0% of the transcripts
[2023-06-23 13:02:19.182] [jointLog] [info] processed bias for 40.0% of the transcripts
[2023-06-23 13:02:29.296] [jointLog] [info] processed bias for 50.0% of the transcripts
[2023-06-23 13:02:38.615] [jointLog] [info] processed bias for 60.0% of the transcripts
[2023-06-23 13:02:48.235] [jointLog] [info] processed bias for 70.0% of the transcripts
[2023-06-23 13:02:57.701] [jointLog] [info] processed bias for 80.0% of the transcripts
[2023-06-23 13:03:04.270] [jointLog] [info] processed bias for 90.0% of the transcripts
[2023-06-23 13:03:09.596] [jointLog] [info] processed bias for 100.0% of the transcripts
[2023-06-23 13:03:09.611] [jointLog] [info] processed bias for 100.0% of the transcripts
[2023-06-23 13:03:14.025] [jointLog] [info] iteration = 100 | max rel diff. = 11.6313
[2023-06-23 13:03:18.876] [jointLog] [info] iteration = 200 | max rel diff. = 5.07894
[2023-06-23 13:03:23.729] [jointLog] [info] iteration = 300 | max rel diff. = 0.995722
[2023-06-23 13:03:28.579] [jointLog] [info] iteration = 400 | max rel diff. = 1.2872
[2023-06-23 13:03:33.429] [jointLog] [info] iteration = 500 | max rel diff. = 0.261042
[2023-06-23 13:03:38.288] [jointLog] [info] iteration = 600 | max rel diff. = 1.58942
[2023-06-23 13:03:43.005] [jointLog] [info] iteration = 700 | max rel diff. = 0.367346
[2023-06-23 13:03:47.666] [jointLog] [info] iteration = 800 | max rel diff. = 1.57131
[2023-06-23 13:03:52.309] [jointLog] [info] iteration = 900 | max rel diff. = 0.254654
[2023-06-23 13:03:56.947] [jointLog] [info] iteration = 1,000 | max rel diff. = 0.137056
[2023-06-23 13:04:01.594] [jointLog] [info] iteration = 1,100 | max rel diff. = 0.0241573
[2023-06-23 13:04:06.237] [jointLog] [info] iteration = 1,200 | max rel diff. = 0.0344077
[2023-06-23 13:04:10.881] [jointLog] [info] iteration = 1,300 | max rel diff. = 0.108225
[2023-06-23 13:04:15.537] [jointLog] [info] iteration = 1,400 | max rel diff. = 11.9488
[2023-06-23 13:04:20.172] [jointLog] [info] iteration = 1,500 | max rel diff. = 0.467283
[2023-06-23 13:04:24.808] [jointLog] [info] iteration = 1,600 | max rel diff. = 0.0176274
[2023-06-23 13:04:29.456] [jointLog] [info] iteration = 1,700 | max rel diff. = 0.0152498
[2023-06-23 13:04:32.376] [jointLog] [info] iteration = 1,764 | max rel diff. = 0.00948151
[2023-06-23 13:04:32.410] [jointLog] [info] Finished optimizer
[2023-06-23 13:04:32.410] [jointLog] [info] writing output 

