[2023-06-23 12:50:46.469] [jointLog] [info] setting maxHashResizeThreads to 8
[2023-06-23 12:50:46.469] [jointLog] [info] Fragment incompatibility prior below threshold.  Incompatible fragments will be ignored.
[2023-06-23 12:50:46.469] [jointLog] [info] Usage of --validateMappings implies use of minScoreFraction. Since not explicitly specified, it is being set to 0.65
[2023-06-23 12:50:46.469] [jointLog] [info] Setting consensusSlack to selective-alignment default of 0.35.
[2023-06-23 12:50:46.469] [jointLog] [info] parsing read library format
[2023-06-23 12:50:46.469] [jointLog] [info] There is 1 library.
[2023-06-23 12:50:46.471] [jointLog] [info] Loading pufferfish index
[2023-06-23 12:50:46.471] [jointLog] [info] Loading dense pufferfish index.
[2023-06-23 12:51:10.816] [jointLog] [info] done
[2023-06-23 12:51:10.863] [jointLog] [info] Index contained 177,503 targets
[2023-06-23 12:51:12.725] [jointLog] [info] Number of decoys : 47
[2023-06-23 12:51:12.725] [jointLog] [info] First decoy index : 177,412 
[2023-06-23 12:51:13.506] [jointLog] [info] Automatically detected most likely library type as IU

[2023-06-23 12:56:50.028] [fileLog] [info] 
At end of round 0
==================
Observed 33476746 total fragments (33476746 in most recent round)

[2023-06-23 12:56:50.028] [jointLog] [info] Computed 575,890 rich equivalence classes for further processing
[2023-06-23 12:56:50.028] [jointLog] [info] Counted 28,452,997 total reads in the equivalence classes 
[2023-06-23 12:56:50.036] [jointLog] [info] Number of mappings discarded because of alignment score : 41,637,777
[2023-06-23 12:56:50.036] [jointLog] [info] Number of fragments entirely discarded because of alignment score : 3,111,229
[2023-06-23 12:56:50.036] [jointLog] [info] Number of fragments discarded because they are best-mapped to decoys : 468,848
[2023-06-23 12:56:50.036] [jointLog] [info] Number of fragments discarded because they have only dovetail (discordant) mappings to valid targets : 3,740,141
[2023-06-23 12:56:50.036] [jointLog] [info] Mapping rate = 84.9933%

[2023-06-23 12:56:50.036] [jointLog] [info] finished quantifyLibrary()
[2023-06-23 12:56:50.039] [jointLog] [info] Starting optimizer
[2023-06-23 12:56:50.181] [jointLog] [info] Marked 0 weighted equivalence classes as degenerate
[2023-06-23 12:56:50.206] [jointLog] [info] iteration = 0 | max rel diff. = 6868.1
[2023-06-23 12:56:50.392] [jointLog] [info] iteration 11, adjusting effective lengths to account for biases
[2023-06-23 12:57:30.946] [jointLog] [info] Computed expected counts (for bias correction)
[2023-06-23 12:57:30.946] [jointLog] [info] processed bias for 0.0% of the transcripts
[2023-06-23 12:57:35.133] [jointLog] [info] processed bias for 10.0% of the transcripts
[2023-06-23 12:57:39.624] [jointLog] [info] processed bias for 20.0% of the transcripts
[2023-06-23 12:57:43.743] [jointLog] [info] processed bias for 30.0% of the transcripts
[2023-06-23 12:57:47.852] [jointLog] [info] processed bias for 40.0% of the transcripts
[2023-06-23 12:57:51.922] [jointLog] [info] processed bias for 50.0% of the transcripts
[2023-06-23 12:57:54.109] [jointLog] [info] processed bias for 60.0% of the transcripts
[2023-06-23 12:57:56.629] [jointLog] [info] processed bias for 70.0% of the transcripts
[2023-06-23 12:58:00.643] [jointLog] [info] processed bias for 80.0% of the transcripts
[2023-06-23 12:58:04.820] [jointLog] [info] processed bias for 90.0% of the transcripts
[2023-06-23 12:58:09.965] [jointLog] [info] processed bias for 100.0% of the transcripts
[2023-06-23 12:58:09.976] [jointLog] [info] processed bias for 100.0% of the transcripts
[2023-06-23 12:58:11.549] [jointLog] [info] iteration = 100 | max rel diff. = 17.2422
[2023-06-23 12:58:13.204] [jointLog] [info] iteration = 200 | max rel diff. = 4.90819
[2023-06-23 12:58:14.860] [jointLog] [info] iteration = 300 | max rel diff. = 2.44903
[2023-06-23 12:58:16.515] [jointLog] [info] iteration = 400 | max rel diff. = 2.73675
[2023-06-23 12:58:18.170] [jointLog] [info] iteration = 500 | max rel diff. = 0.577292
[2023-06-23 12:58:19.824] [jointLog] [info] iteration = 600 | max rel diff. = 7.22729
[2023-06-23 12:58:21.479] [jointLog] [info] iteration = 700 | max rel diff. = 1.10695
[2023-06-23 12:58:23.134] [jointLog] [info] iteration = 800 | max rel diff. = 3.78698
[2023-06-23 12:58:24.788] [jointLog] [info] iteration = 900 | max rel diff. = 0.435706
[2023-06-23 12:58:26.443] [jointLog] [info] iteration = 1,000 | max rel diff. = 0.156879
[2023-06-23 12:58:28.097] [jointLog] [info] iteration = 1,100 | max rel diff. = 0.0140362
[2023-06-23 12:58:29.752] [jointLog] [info] iteration = 1,200 | max rel diff. = 0.0416432
[2023-06-23 12:58:31.406] [jointLog] [info] iteration = 1,300 | max rel diff. = 0.0607736
[2023-06-23 12:58:33.060] [jointLog] [info] iteration = 1,400 | max rel diff. = 0.944983
[2023-06-23 12:58:34.715] [jointLog] [info] iteration = 1,500 | max rel diff. = 0.0259961
[2023-06-23 12:58:36.375] [jointLog] [info] iteration = 1,600 | max rel diff. = 0.0826349
[2023-06-23 12:58:38.035] [jointLog] [info] iteration = 1,700 | max rel diff. = 0.0181972
[2023-06-23 12:58:39.511] [jointLog] [info] iteration = 1,790 | max rel diff. = 0.00593847
[2023-06-23 12:58:39.528] [jointLog] [info] Finished optimizer
[2023-06-23 12:58:39.528] [jointLog] [info] writing output 

