[2023-06-23 12:50:45.968] [jointLog] [info] setting maxHashResizeThreads to 8
[2023-06-23 12:50:45.968] [jointLog] [info] Fragment incompatibility prior below threshold.  Incompatible fragments will be ignored.
[2023-06-23 12:50:45.968] [jointLog] [info] Usage of --validateMappings implies use of minScoreFraction. Since not explicitly specified, it is being set to 0.65
[2023-06-23 12:50:45.968] [jointLog] [info] Setting consensusSlack to selective-alignment default of 0.35.
[2023-06-23 12:50:45.968] [jointLog] [info] parsing read library format
[2023-06-23 12:50:45.968] [jointLog] [info] There is 1 library.
[2023-06-23 12:50:45.979] [jointLog] [info] Loading pufferfish index
[2023-06-23 12:50:45.979] [jointLog] [info] Loading dense pufferfish index.
[2023-06-23 12:50:47.951] [jointLog] [info] done
[2023-06-23 12:50:47.996] [jointLog] [info] Index contained 177,503 targets
[2023-06-23 12:50:49.971] [jointLog] [info] Number of decoys : 47
[2023-06-23 12:50:49.971] [jointLog] [info] First decoy index : 177,412 
[2023-06-23 12:50:50.881] [jointLog] [info] Automatically detected most likely library type as IU

[2023-06-23 12:56:37.238] [fileLog] [info] 
At end of round 0
==================
Observed 28580079 total fragments (28580079 in most recent round)

[2023-06-23 12:56:37.237] [jointLog] [info] Computed 556,155 rich equivalence classes for further processing
[2023-06-23 12:56:37.237] [jointLog] [info] Counted 21,402,845 total reads in the equivalence classes 
[2023-06-23 12:56:37.248] [jointLog] [info] Number of mappings discarded because of alignment score : 66,815,356
[2023-06-23 12:56:37.248] [jointLog] [info] Number of fragments entirely discarded because of alignment score : 5,417,242
[2023-06-23 12:56:37.248] [jointLog] [info] Number of fragments discarded because they are best-mapped to decoys : 350,989
[2023-06-23 12:56:37.248] [jointLog] [info] Number of fragments discarded because they have only dovetail (discordant) mappings to valid targets : 8,404,490
[2023-06-23 12:56:37.248] [jointLog] [info] Mapping rate = 74.8873%

[2023-06-23 12:56:37.248] [jointLog] [info] finished quantifyLibrary()
[2023-06-23 12:56:37.251] [jointLog] [info] Starting optimizer
[2023-06-23 12:56:37.473] [jointLog] [info] Marked 0 weighted equivalence classes as degenerate
[2023-06-23 12:56:37.506] [jointLog] [info] iteration = 0 | max rel diff. = 6865.48
[2023-06-23 12:56:37.771] [jointLog] [info] iteration 11, adjusting effective lengths to account for biases
[2023-06-23 12:57:36.342] [jointLog] [info] Computed expected counts (for bias correction)
[2023-06-23 12:57:36.342] [jointLog] [info] processed bias for 0.1% of the transcripts
[2023-06-23 12:57:42.171] [jointLog] [info] processed bias for 10.0% of the transcripts
[2023-06-23 12:57:47.990] [jointLog] [info] processed bias for 20.0% of the transcripts
[2023-06-23 12:57:53.715] [jointLog] [info] processed bias for 30.0% of the transcripts
[2023-06-23 12:57:59.267] [jointLog] [info] processed bias for 40.0% of the transcripts
[2023-06-23 12:58:05.013] [jointLog] [info] processed bias for 50.0% of the transcripts
[2023-06-23 12:58:10.864] [jointLog] [info] processed bias for 60.0% of the transcripts
[2023-06-23 12:58:15.314] [jointLog] [info] processed bias for 70.0% of the transcripts
[2023-06-23 12:58:17.510] [jointLog] [info] processed bias for 80.0% of the transcripts
[2023-06-23 12:58:22.451] [jointLog] [info] processed bias for 90.0% of the transcripts
[2023-06-23 12:58:28.343] [jointLog] [info] processed bias for 100.0% of the transcripts
[2023-06-23 12:58:28.353] [jointLog] [info] processed bias for 100.0% of the transcripts
[2023-06-23 12:58:30.604] [jointLog] [info] iteration = 100 | max rel diff. = 16.3449
[2023-06-23 12:58:33.071] [jointLog] [info] iteration = 200 | max rel diff. = 6.5504
[2023-06-23 12:58:35.541] [jointLog] [info] iteration = 300 | max rel diff. = 1.86618
[2023-06-23 12:58:38.012] [jointLog] [info] iteration = 400 | max rel diff. = 0.351011
[2023-06-23 12:58:40.482] [jointLog] [info] iteration = 500 | max rel diff. = 0.999046
[2023-06-23 12:58:42.945] [jointLog] [info] iteration = 600 | max rel diff. = 0.221464
[2023-06-23 12:58:45.412] [jointLog] [info] iteration = 700 | max rel diff. = 2.9358
[2023-06-23 12:58:47.888] [jointLog] [info] iteration = 800 | max rel diff. = 0.788348
[2023-06-23 12:58:50.362] [jointLog] [info] iteration = 900 | max rel diff. = 0.0946165
[2023-06-23 12:58:52.836] [jointLog] [info] iteration = 1,000 | max rel diff. = 0.088873
[2023-06-23 12:58:53.133] [jointLog] [info] iteration = 1,013 | max rel diff. = 0.00871761
[2023-06-23 12:58:53.145] [jointLog] [info] Finished optimizer
[2023-06-23 12:58:53.145] [jointLog] [info] writing output 

